<?xml version="1.0" encoding="UTF-8"?>
<testsuite name="com.studentapp.junit.studentsInfo.FirstSerenityTest" time="0.314" tests="8" errors="2" skipped="3" failures="1">
  <properties>
[...]
</properties>
  <testcase name="thisIsASkippedTest" classname="com.studentapp.junit.studentsInfo.FirstSerenityTest" time="0">
    <skipped/>
    <system-err><![CDATA[4569 [pool-1-thread-3] INFO net.thucydides.core.reports.json.JSONTestOutcomeReporter - Generating JSON report for This is a pending test to file D:\Serenity BDD\StudentAppWorking\target\site\serenity\402c02e2c28960567acb2612f9f11587035f3aa06047ca9008727fec3834b1fc.json (using temp file D:\Serenity BDD\StudentAppWorking\target\site\serenity\402c02e2c28960567acb2612f9f11587035f3aa06047ca9008727fec3834b1fc.json70bbb9f6-8a22-41a4-8c3a-e852c9a44246)
4570 [pool-1-thread-2] INFO net.thucydides.core.reports.json.JSONTestOutcomeReporter - Generating JSON report for This is atest with error to file D:\Serenity BDD\StudentAppWorking\target\site\serenity\86b3ddb749fa688cb4bd1f8f96787dcc1cd9d15f362fda087d77cb65978b600a.json (using temp file D:\Serenity BDD\StudentAppWorking\target\site\serenity\86b3ddb749fa688cb4bd1f8f96787dcc1cd9d15f362fda087d77cb65978b600a.json0da10fe9-ab0b-4d88-9f9b-f593a8786d36)
4590 [pool-1-thread-1] INFO net.thucydides.core.reports.json.JSONTestOutcomeReporter - Generating JSON report for This is a skipped test to file D:\Serenity BDD\StudentAppWorking\target\site\serenity\0efea522db63d637a6c5a49684a7095cd17094d9cee1dc59572edc4386ca2bb3.json (using temp file D:\Serenity BDD\StudentAppWorking\target\site\serenity\0efea522db63d637a6c5a49684a7095cd17094d9cee1dc59572edc4386ca2bb3.jsona536eba5-0b74-4fba-988e-64a7c01f2395)
4592 [pool-1-thread-4] INFO net.thucydides.core.reports.json.JSONTestOutcomeReporter - Generating JSON report for This isa failing to file D:\Serenity BDD\StudentAppWorking\target\site\serenity\76357ad1fb0ec8f8bca3a26e0f60847379ac3b7adbcdb3fd0d1f9fb4f2383592.json (using temp file D:\Serenity BDD\StudentAppWorking\target\site\serenity\76357ad1fb0ec8f8bca3a26e0f60847379ac3b7adbcdb3fd0d1f9fb4f2383592.jsonde0aa255-5b74-441c-ac1a-de7390e44f8e)
4664 [pool-1-thread-4] INFO net.thucydides.core.reports.json.JSONTestOutcomeReporter - Generating JSON report for File does not exist to file D:\Serenity BDD\StudentAppWorking\target\site\serenity\60d394c4cb22d2e4bbafffd0e6ac85a4673ca6e6160e11dfdfbc970c4ad4eb43.json (using temp file D:\Serenity BDD\StudentAppWorking\target\site\serenity\60d394c4cb22d2e4bbafffd0e6ac85a4673ca6e6160e11dfdfbc970c4ad4eb43.json53a3503d-56e9-4728-abb8-f8db979eb128)
4671 [pool-1-thread-4] INFO net.thucydides.core.reports.json.JSONTestOutcomeReporter - Generating JSON report for Get all students to file D:\Serenity BDD\StudentAppWorking\target\site\serenity\f835fd89c7ead1491aa84ea671dba8bc0f4c8afbe56552994eeae666d268b63f.json (using temp file D:\Serenity BDD\StudentAppWorking\target\site\serenity\f835fd89c7ead1491aa84ea671dba8bc0f4c8afbe56552994eeae666d268b63f.json972d6c8c-dc48-49d1-a37c-c5f1bde72a3f)
4733 [pool-1-thread-4] INFO net.thucydides.core.reports.json.JSONTestOutcomeReporter - Generating JSON report for This is amanual test to file D:\Serenity BDD\StudentAppWorking\target\site\serenity\121b57de5a9c81dcb066e6cb04e6d64a950ce940776aa170ec5dd1ab8128a42e.json (using temp file D:\Serenity BDD\StudentAppWorking\target\site\serenity\121b57de5a9c81dcb066e6cb04e6d64a950ce940776aa170ec5dd1ab8128a42e.json9a3dd00f-9423-4e6e-b251-bd53ff4723b0)
5066 [pool-1-thread-4] INFO net.thucydides.core.reports.html.HtmlAcceptanceTestReporter - GENERATING HTML REPORT FOR Serenity id info:thisIsASkippedTest in 0efea522db63d637a6c5a49684a7095cd17094d9cee1dc59572edc4386ca2bb3.html in directory target\site\serenity  
5067 [pool-1-thread-1] INFO net.thucydides.core.reports.html.HtmlAcceptanceTestReporter - GENERATING HTML REPORT FOR Serenity id info:thisIsaFailing in 76357ad1fb0ec8f8bca3a26e0f60847379ac3b7adbcdb3fd0d1f9fb4f2383592.html in directory target\site\serenity  
5068 [pool-1-thread-3] INFO net.thucydides.core.reports.html.HtmlAcceptanceTestReporter - GENERATING HTML REPORT FOR Serenity id info:thisIsAtestWithError in 86b3ddb749fa688cb4bd1f8f96787dcc1cd9d15f362fda087d77cb65978b600a.html in directory target\site\serenity  
5066 [pool-1-thread-2] INFO net.thucydides.core.reports.html.HtmlAcceptanceTestReporter - GENERATING HTML REPORT FOR Serenity id info:thisIsAPendingTest in 402c02e2c28960567acb2612f9f11587035f3aa06047ca9008727fec3834b1fc.html in directory target\site\serenity  
6417 [pool-1-thread-4] INFO net.thucydides.core.reports.html.HtmlAcceptanceTestReporter - GENERATING HTML REPORT FOR Serenity id info:fileDoesNotExist in 60d394c4cb22d2e4bbafffd0e6ac85a4673ca6e6160e11dfdfbc970c4ad4eb43.html in directory target\site\serenity  
6431 [pool-1-thread-3] INFO net.thucydides.core.reports.html.HtmlAcceptanceTestReporter - GENERATING HTML REPORT FOR Serenity id info:getAllStudents in f835fd89c7ead1491aa84ea671dba8bc0f4c8afbe56552994eeae666d268b63f.html in directory target\site\serenity  
6433 [pool-1-thread-2] INFO net.thucydides.core.reports.html.HtmlAcceptanceTestReporter - GENERATING HTML REPORT FOR Serenity id info:thisIsAmanualTest in 121b57de5a9c81dcb066e6cb04e6d64a950ce940776aa170ec5dd1ab8128a42e.html in directory target\site\serenity  
6472 [main] INFO net.serenitybdd.core.Serenity - Test Suite Started: First serenity test
6474 [main] INFO net.serenitybdd.core.Serenity - 
 _____ _____ ____ _____   ____ _____  _    ____ _____ _____ ____  
|_   _| ____/ ___|_   _| / ___|_   _|/ \  |  _ \_   _| ____|  _ \ 
  | | |  _| \___ \ | |   \___ \ | | / _ \ | |_) || | |  _| | | | |
  | | | |___ ___) || |    ___) || |/ ___ \|  _ < | | | |___| |_| |
  |_| |_____|____/ |_|   |____/ |_/_/   \_\_| \_\|_| |_____|____/ 
                                                                  

TEST STARTED: thisIsASkippedTest
-------------------------------------------------------------------
6474 [main] INFO net.serenitybdd.core.Serenity - TEST NUMBER: 8
6475 [main] INFO net.serenitybdd.core.Serenity - TEST IGNORED
6475 [main] INFO net.serenitybdd.core.Serenity - 
            __  _____ _____ ____ _____   ____  _  _____ ____  ____  _____ ____  
  _        / / |_   _| ____/ ___|_   _| / ___|| |/ /_ _|  _ \|  _ \| ____|  _ \ 
 (_)_____ / /    | | |  _| \___ \ | |   \___ \| ' / | || |_) | |_) |  _| | | | |
  _|_____/ /     | | | |___ ___) || |    ___) | . \ | ||  __/|  __/| |___| |_| |
 (_)    /_/      |_| |_____|____/ |_|   |____/|_|\_\___|_|   |_|   |_____|____/ 
                                                                                

TEST SKIPPED: This is a skipped test
---------------------------------------------------------------------------------
]]></system-err>
  </testcase>
  <testcase name="thisIsAtestWithError" classname="com.studentapp.junit.studentsInfo.FirstSerenityTest" time="0">
    <error message="/ by zero" type="java.lang.ArithmeticException">java.lang.ArithmeticException: / by zero
	at com.studentapp.junit.studentsInfo.FirstSerenityTest.thisIsAtestWithError(FirstSerenityTest.java:64)
</error>
    <system-err><![CDATA[6480 [main] INFO net.serenitybdd.core.Serenity - 
 _____ _____ ____ _____   ____ _____  _    ____ _____ _____ ____  
|_   _| ____/ ___|_   _| / ___|_   _|/ \  |  _ \_   _| ____|  _ \ 
  | | |  _| \___ \ | |   \___ \ | | / _ \ | |_) || | |  _| | | | |
  | | | |___ ___) || |    ___) || |/ ___ \|  _ < | | | |___| |_| |
  |_| |_____|____/ |_|   |____/ |_/_/   \_\_| \_\|_| |_____|____/ 
                                                                  

TEST STARTED: thisIsAtestWithError
-------------------------------------------------------------------
6481 [main] INFO net.serenitybdd.core.Serenity - TEST NUMBER: 9
]]></system-err>
  </testcase>
  <testcase name="test01" classname="com.studentapp.junit.studentsInfo.FirstSerenityTest" time="0.035"/>
  <testcase name="thisIsAPendingTest" classname="com.studentapp.junit.studentsInfo.FirstSerenityTest" time="0">
    <skipped/>
    <system-err><![CDATA[6609 [main] INFO net.serenitybdd.core.Serenity - 
        __    _____ _____ ____ _____   ____   _    ____  ____  _____ ____  
  _     \ \  |_   _| ____/ ___|_   _| |  _ \ / \  / ___|/ ___|| ____|  _ \ 
 (_)_____| |   | | |  _| \___ \ | |   | |_) / _ \ \___ \\___ \|  _| | | | |
  _|_____| |   | | | |___ ___) || |   |  __/ ___ \ ___) |___) | |___| |_| |
 (_)     | |   |_| |_____|____/ |_|   |_| /_/   \_\____/|____/|_____|____/ 
        /_/                                                                

TEST PASSED: This test will get the information of all the students from the Students App
----------------------------------------------------------------------------
6611 [main] INFO net.serenitybdd.core.Serenity - 
 _____ _____ ____ _____   ____ _____  _    ____ _____ _____ ____  
|_   _| ____/ ___|_   _| / ___|_   _|/ \  |  _ \_   _| ____|  _ \ 
  | | |  _| \___ \ | |   \___ \ | | / _ \ | |_) || | |  _| | | | |
  | | | |___ ___) || |    ___) || |/ ___ \|  _ < | | | |___| |_| |
  |_| |_____|____/ |_|   |____/ |_/_/   \_\_| \_\|_| |_____|____/ 
                                                                  

TEST STARTED: thisIsAPendingTest
-------------------------------------------------------------------
6611 [main] INFO net.serenitybdd.core.Serenity - TEST NUMBER: 11
6611 [main] INFO net.serenitybdd.core.Serenity - TEST PENDING
6612 [main] INFO net.serenitybdd.core.Serenity - 
          __  _____ _____ ____ _____   ____  _____ _   _ ____ ___ _   _  ____ 
 _       / / |_   _| ____/ ___|_   _| |  _ \| ____| \ | |  _ \_ _| \ | |/ ___|
(_)____ / /    | | |  _| \___ \ | |   | |_) |  _| |  \| | | | | ||  \| | |  _ 
 |_____/ /     | | | |___ ___) || |   |  __/| |___| |\  | |_| | || |\  | |_| |
(_)   /_/      |_| |_____|____/ |_|   |_|   |_____|_| \_|____/___|_| \_|\____|
                                                                                

TEST PENDING: This is a pending test
---------------------------------------------------------------------------------
]]></system-err>
  </testcase>
  <testcase name="thisIsaFailing" classname="com.studentapp.junit.studentsInfo.FirstSerenityTest" time="0.145">
    <failure message="1 expectation failed.&#10;Expected status code &lt;500&gt; but was &lt;200&gt;.&#10;" type="java.lang.AssertionError"><![CDATA[java.lang.AssertionError: 1 expectation failed.
Expected status code <500> but was <200>.

	at sun.reflect.NativeConstructorAccessorImpl.newInstance0(Native Method)
	at sun.reflect.NativeConstructorAccessorImpl.newInstance(NativeConstructorAccessorImpl.java:62)
	at sun.reflect.DelegatingConstructorAccessorImpl.newInstance(DelegatingConstructorAccessorImpl.java:45)
	at java.lang.reflect.Constructor.newInstance(Constructor.java:423)
	at org.codehaus.groovy.reflection.CachedConstructor.invoke(CachedConstructor.java:83)
	at org.codehaus.groovy.reflection.CachedConstructor.doConstructorInvoke(CachedConstructor.java:77)
	at org.codehaus.groovy.runtime.callsite.ConstructorSite$ConstructorSiteNoUnwrap.callConstructor(ConstructorSite.java:84)
	at org.codehaus.groovy.runtime.callsite.AbstractCallSite.callConstructor(AbstractCallSite.java:247)
	at io.restassured.internal.ResponseSpecificationImpl$HamcrestAssertionClosure.validate(ResponseSpecificationImpl.groovy:471)
	at io.restassured.internal.ResponseSpecificationImpl$HamcrestAssertionClosure$validate$1.call(Unknown Source)
	at io.restassured.internal.ResponseSpecificationImpl.validateResponseIfRequired(ResponseSpecificationImpl.groovy:636)
	at sun.reflect.NativeMethodAccessorImpl.invoke0(Native Method)
	at sun.reflect.NativeMethodAccessorImpl.invoke(NativeMethodAccessorImpl.java:62)
	at sun.reflect.DelegatingMethodAccessorImpl.invoke(DelegatingMethodAccessorImpl.java:43)
	at java.lang.reflect.Method.invoke(Method.java:498)
	at org.codehaus.groovy.runtime.callsite.PogoMetaMethodSite$PogoCachedMethodSiteNoUnwrapNoCoerce.invoke(PogoMetaMethodSite.java:210)
	at org.codehaus.groovy.runtime.callsite.PogoMetaMethodSite.callCurrent(PogoMetaMethodSite.java:59)
	at org.codehaus.groovy.runtime.callsite.AbstractCallSite.callCurrent(AbstractCallSite.java:166)
	at io.restassured.internal.ResponseSpecificationImpl.statusCode(ResponseSpecificationImpl.groovy:122)
	at io.restassured.specification.ResponseSpecification$statusCode$0.callCurrent(Unknown Source)
	at io.restassured.internal.ResponseSpecificationImpl.statusCode(ResponseSpecificationImpl.groovy:130)
	at io.restassured.internal.ValidatableResponseOptionsImpl.statusCode(ValidatableResponseOptionsImpl.java:117)
	at com.studentapp.junit.studentsInfo.FirstSerenityTest.thisIsaFailing(FirstSerenityTest.java:48)
]]></failure>
    <system-err><![CDATA[6614 [main] INFO net.serenitybdd.core.Serenity - 
 _____ _____ ____ _____   ____ _____  _    ____ _____ _____ ____  
|_   _| ____/ ___|_   _| / ___|_   _|/ \  |  _ \_   _| ____|  _ \ 
  | | |  _| \___ \ | |   \___ \ | | / _ \ | |_) || | |  _| | | | |
  | | | |___ ___) || |    ___) || |/ ___ \|  _ < | | | |___| |_| |
  |_| |_____|____/ |_|   |____/ |_/_/   \_\_| \_\|_| |_____|____/ 
                                                                  

TEST STARTED: thisIsaFailing
-------------------------------------------------------------------
6614 [main] INFO net.serenitybdd.core.Serenity - TEST NUMBER: 12
]]></system-err>
  </testcase>
  <testcase name="fileDoesNotExist" classname="com.studentapp.junit.studentsInfo.FirstSerenityTest" time="0">
    <error message="E\file.txt (The system cannot find the path specified)" type="java.io.FileNotFoundException"><![CDATA[java.io.FileNotFoundException: E\file.txt (The system cannot find the path specified)
	at java.io.FileInputStream.open0(Native Method)
	at java.io.FileInputStream.open(FileInputStream.java:195)
	at java.io.FileInputStream.<init>(FileInputStream.java:138)
	at java.io.FileReader.<init>(FileReader.java:72)
	at com.studentapp.junit.studentsInfo.FirstSerenityTest.fileDoesNotExist(FirstSerenityTest.java:71)
]]></error>
    <system-err><![CDATA[6739 [main] ERROR net.serenitybdd.core.Serenity - 
           __  _____ _____ ____ _____   _____ _    ___ _     _____ ____  
  _       / / |_   _| ____/ ___|_   _| |  ___/ \  |_ _| |   | ____|  _ \ 
 (_)_____| |    | | |  _| \___ \ | |   | |_ / _ \  | || |   |  _| | | | |
  _|_____| |    | | | |___ ___) || |   |  _/ ___ \ | || |___| |___| |_| |
 (_)     | |    |_| |_____|____/ |_|   |_|/_/   \_\___|_____|_____|____/ 
          \_\                                                            

TEST FAILED: This isa failing
--------------------------------------------------------------------------
6739 [main] ERROR net.serenitybdd.core.Serenity - 1 expectation failed.Expected status code <500> but was <200>.
6743 [main] INFO net.serenitybdd.core.Serenity - 
 _____ _____ ____ _____   ____ _____  _    ____ _____ _____ ____  
|_   _| ____/ ___|_   _| / ___|_   _|/ \  |  _ \_   _| ____|  _ \ 
  | | |  _| \___ \ | |   \___ \ | | / _ \ | |_) || | |  _| | | | |
  | | | |___ ___) || |    ___) || |/ ___ \|  _ < | | | |___| |_| |
  |_| |_____|____/ |_|   |____/ |_/_/   \_\_| \_\|_| |_____|____/ 
                                                                  

TEST STARTED: fileDoesNotExist
-------------------------------------------------------------------
6743 [main] INFO net.serenitybdd.core.Serenity - TEST NUMBER: 13
]]></system-err>
  </testcase>
  <testcase name="getAllStudents" classname="com.studentapp.junit.studentsInfo.FirstSerenityTest" time="0.134"/>
  <testcase name="thisIsAmanualTest" classname="com.studentapp.junit.studentsInfo.FirstSerenityTest" time="0">
    <skipped/>
    <system-err><![CDATA[6909 [main] INFO net.serenitybdd.core.Serenity - 
        __    _____ _____ ____ _____   ____   _    ____  ____  _____ ____  
  _     \ \  |_   _| ____/ ___|_   _| |  _ \ / \  / ___|/ ___|| ____|  _ \ 
 (_)_____| |   | | |  _| \___ \ | |   | |_) / _ \ \___ \\___ \|  _| | | | |
  _|_____| |   | | | |___ ___) || |   |  __/ ___ \ ___) |___) | |___| |_| |
 (_)     | |   |_| |_____|____/ |_|   |_| /_/   \_\____/|____/|_____|____/ 
        /_/                                                                

TEST PASSED: Get all students
----------------------------------------------------------------------------
6911 [main] INFO net.serenitybdd.core.Serenity - 
 _____ _____ ____ _____   ____ _____  _    ____ _____ _____ ____  
|_   _| ____/ ___|_   _| / ___|_   _|/ \  |  _ \_   _| ____|  _ \ 
  | | |  _| \___ \ | |   \___ \ | | / _ \ | |_) || | |  _| | | | |
  | | | |___ ___) || |    ___) || |/ ___ \|  _ < | | | |___| |_| |
  |_| |_____|____/ |_|   |____/ |_/_/   \_\_| \_\|_| |_____|____/ 
                                                                  

TEST STARTED: thisIsAmanualTest
-------------------------------------------------------------------
6911 [main] INFO net.serenitybdd.core.Serenity - TEST NUMBER: 15
6911 [main] INFO net.serenitybdd.core.Serenity - TEST MANUAL
6911 [main] INFO net.serenitybdd.core.Serenity - TEST PENDING
6911 [main] INFO net.serenitybdd.core.Serenity - 
          __  _____ _____ ____ _____   ____  _____ _   _ ____ ___ _   _  ____ 
 _       / / |_   _| ____/ ___|_   _| |  _ \| ____| \ | |  _ \_ _| \ | |/ ___|
(_)____ / /    | | |  _| \___ \ | |   | |_) |  _| |  \| | | | | ||  \| | |  _ 
 |_____/ /     | | | |___ ___) || |   |  __/| |___| |\  | |_| | || |\  | |_| |
(_)   /_/      |_| |_____|____/ |_|   |_|   |_____|_| \_|____/___|_| \_|\____|
                                                                                

TEST PENDING: This is amanual test
---------------------------------------------------------------------------------
]]></system-err>
  </testcase>
</testsuite>