<?xml version="1.0" encoding="UTF-8"?><testsuite errors="1" failures="1" name="com.studentapp.junit.studentsIdInfo.SerenityIdInfo" skipped="4" tests="7" time="3.75" timestamp="2018-08-214 08:25:34"><testcase classname="com.studentapp.junit.studentsIdInfo.SerenityIdInfo" name="This is a skipped test"><skipped/></testcase><testcase classname="com.studentapp.junit.studentsIdInfo.SerenityIdInfo" name="This is atest with error"><error message="/ by zero" type="java.lang.ArithmeticException">/ by zero</error><system-err>/ by zero&#13;
com.studentapp.junit.studentsIdInfo.SerenityIdInfo.thisIsAtestWithError(SerenityIdInfo.java:63)&#13;
</system-err></testcase><testcase classname="com.studentapp.junit.studentsIdInfo.SerenityIdInfo" name="This is a pending test"><skipped/></testcase><testcase classname="com.studentapp.junit.studentsIdInfo.SerenityIdInfo" name="This isa failing"><failure message="1 expectation failed.&#10;Expected status code &lt;500&gt; but was &lt;200&gt;.&#10;" type="java.lang.AssertionError">1 expectation failed.
Expected status code &lt;500&gt; but was &lt;200&gt;.
</failure><system-err>1 expectation failed.
Expected status code &lt;500&gt; but was &lt;200&gt;.
&#13;
io.restassured.internal.ResponseSpecificationImpl.validateResponseIfRequired(ResponseSpecificationImpl.groovy:636)&#13;
io.restassured.internal.ResponseSpecificationImpl.statusCode(ResponseSpecificationImpl.groovy:122)&#13;
io.restassured.internal.ResponseSpecificationImpl.statusCode(ResponseSpecificationImpl.groovy:130)&#13;
io.restassured.internal.ValidatableResponseOptionsImpl.statusCode(ValidatableResponseOptionsImpl.java:117)&#13;
com.studentapp.junit.studentsIdInfo.SerenityIdInfo.thisIsaFailing(SerenityIdInfo.java:47)&#13;
</system-err></testcase><testcase classname="com.studentapp.junit.studentsIdInfo.SerenityIdInfo" name="File does not exist"><compromised message="E\file.txt (The system cannot find the path specified)" type="java.io.FileNotFoundException">E\file.txt (The system cannot find the path specified)</compromised><system-err>E\file.txt (The system cannot find the path specified)&#13;
com.studentapp.junit.studentsIdInfo.SerenityIdInfo.fileDoesNotExist(SerenityIdInfo.java:70)&#13;
</system-err></testcase><testcase classname="com.studentapp.junit.studentsIdInfo.SerenityIdInfo" name="Get all students"/><testcase classname="com.studentapp.junit.studentsIdInfo.SerenityIdInfo" name="This is amanual test"><skipped/></testcase></testsuite>